{
  "uid" : "24b6e4cde87cb05",
  "name" : "test_check_instock",
  "fullName" : "case.zjc.test_4_check_instock.TestCheckInstock#test_check_instock",
  "historyId" : "13c8714dc2c4ec79bff59ec8ad1c4525",
  "time" : {
    "start" : 1566978215520,
    "stop" : 1566978236421,
    "duration" : 20901
  },
  "status" : "broken",
  "statusMessage" : "Exception: 元素未找到",
  "statusTrace" : "self = <pageObject.zjc.cusBackStage.CusBackStage object at 0x000002538641F828>\nselector = ('xpath', \"//a[@title='审核']\"), time = 10\n\n    def find_element(self,selector,time=10):   #查找元素\n        try:\n>           element=WebDriverWait(self.driver,time).until(EC.presence_of_element_located(selector))\n\npublic\\basePage.py:60: \n_ _ _ _ _ _ _ _ _ _ _ _ _ _ _ _ _ _ _ _ _ _ _ _ _ _ _ _ _ _ _ _ _ _ _ _ _ _ _ _\n\nself = <selenium.webdriver.support.wait.WebDriverWait (session=\"1f41976b-0ee6-4f06-b080-acba0602b454\")>\nmethod = <selenium.webdriver.support.expected_conditions.presence_of_element_located object at 0x000002538641F400>\nmessage = ''\n\n    def until(self, method, message=''):\n        \"\"\"Calls the method provided with the driver as an argument until the \\\n        return value is not False.\"\"\"\n        screen = None\n        stacktrace = None\n    \n        end_time = time.time() + self._timeout\n        while True:\n            try:\n                value = method(self._driver)\n                if value:\n                    return value\n            except self._ignored_exceptions as exc:\n                screen = getattr(exc, 'screen', None)\n                stacktrace = getattr(exc, 'stacktrace', None)\n            time.sleep(self._poll)\n            if time.time() > end_time:\n                break\n>       raise TimeoutException(message, screen, stacktrace)\nE       selenium.common.exceptions.TimeoutException: Message:\n\nc:\\programs\\python\\python36\\lib\\site-packages\\selenium\\webdriver\\support\\wait.py:80: TimeoutException\n\nDuring handling of the above exception, another exception occurred:\n\nself = <case.zjc.test_4_check_instock.TestCheckInstock object at 0x000002538641FF28>\ndriver = <selenium.webdriver.firefox.webdriver.WebDriver (session=\"1f41976b-0ee6-4f06-b080-acba0602b454\")>\n\n    @pytest.mark.usefixtures('login_cus')\n    def test_check_instock(self,driver):\n        self.cus_page=CusBackStage(driver)\n        self.cus_page.enter_instock()\n        self.instock_nums = self.cus_page.read_excel('instock')\n        for i in range(len(self.instock_nums)):\n            if self.instock_nums[i] == '':\n                continue\n>           self.cus_page.checkInstock(self.instock_nums[i])\n\ncase\\zjc\\test_4_check_instock.py:13: \n_ _ _ _ _ _ _ _ _ _ _ _ _ _ _ _ _ _ _ _ _ _ _ _ _ _ _ _ _ _ _ _ _ _ _ _ _ _ _ _\npageObject\\zjc\\cusBackStage.py:61: in checkInstock\n    self.click(self.instock_check)\npublic\\basePage.py:93: in click\n    element=self.find_element(selector)\n_ _ _ _ _ _ _ _ _ _ _ _ _ _ _ _ _ _ _ _ _ _ _ _ _ _ _ _ _ _ _ _ _ _ _ _ _ _ _ _\n\nself = <pageObject.zjc.cusBackStage.CusBackStage object at 0x000002538641F828>\nselector = ('xpath', \"//a[@title='审核']\"), time = 10\n\n    def find_element(self,selector,time=10):   #查找元素\n        try:\n            element=WebDriverWait(self.driver,time).until(EC.presence_of_element_located(selector))\n            self.driver.execute_script(\"arguments[0].style.border='2px solid red'\", element)\n            sleep(1)\n            mylog.info(u\"定位元素成功——%s\" % selector[1])\n            return element\n        except Exception :\n            mylog.error(u\"定位元素失败——%s\" %selector[1])\n            self.get_screen()\n>           raise Exception('元素未找到')\nE           Exception: 元素未找到\n\npublic\\basePage.py:68: Exception",
  "flaky" : false,
  "newFailed" : false,
  "beforeStages" : [ {
    "name" : "login_cus",
    "time" : {
      "start" : 1566978204754,
      "stop" : 1566978215520,
      "duration" : 10766
    },
    "status" : "passed",
    "steps" : [ ],
    "attachments" : [ ],
    "parameters" : [ ],
    "stepsCount" : 0,
    "hasContent" : false,
    "shouldDisplayMessage" : false,
    "attachmentsCount" : 0
  }, {
    "name" : "driver",
    "time" : {
      "start" : 1566978123100,
      "stop" : 1566978136138,
      "duration" : 13038
    },
    "status" : "passed",
    "steps" : [ ],
    "attachments" : [ ],
    "parameters" : [ ],
    "stepsCount" : 0,
    "hasContent" : false,
    "shouldDisplayMessage" : false,
    "attachmentsCount" : 0
  } ],
  "testStage" : {
    "status" : "broken",
    "statusMessage" : "Exception: 元素未找到",
    "statusTrace" : "self = <pageObject.zjc.cusBackStage.CusBackStage object at 0x000002538641F828>\nselector = ('xpath', \"//a[@title='审核']\"), time = 10\n\n    def find_element(self,selector,time=10):   #查找元素\n        try:\n>           element=WebDriverWait(self.driver,time).until(EC.presence_of_element_located(selector))\n\npublic\\basePage.py:60: \n_ _ _ _ _ _ _ _ _ _ _ _ _ _ _ _ _ _ _ _ _ _ _ _ _ _ _ _ _ _ _ _ _ _ _ _ _ _ _ _\n\nself = <selenium.webdriver.support.wait.WebDriverWait (session=\"1f41976b-0ee6-4f06-b080-acba0602b454\")>\nmethod = <selenium.webdriver.support.expected_conditions.presence_of_element_located object at 0x000002538641F400>\nmessage = ''\n\n    def until(self, method, message=''):\n        \"\"\"Calls the method provided with the driver as an argument until the \\\n        return value is not False.\"\"\"\n        screen = None\n        stacktrace = None\n    \n        end_time = time.time() + self._timeout\n        while True:\n            try:\n                value = method(self._driver)\n                if value:\n                    return value\n            except self._ignored_exceptions as exc:\n                screen = getattr(exc, 'screen', None)\n                stacktrace = getattr(exc, 'stacktrace', None)\n            time.sleep(self._poll)\n            if time.time() > end_time:\n                break\n>       raise TimeoutException(message, screen, stacktrace)\nE       selenium.common.exceptions.TimeoutException: Message:\n\nc:\\programs\\python\\python36\\lib\\site-packages\\selenium\\webdriver\\support\\wait.py:80: TimeoutException\n\nDuring handling of the above exception, another exception occurred:\n\nself = <case.zjc.test_4_check_instock.TestCheckInstock object at 0x000002538641FF28>\ndriver = <selenium.webdriver.firefox.webdriver.WebDriver (session=\"1f41976b-0ee6-4f06-b080-acba0602b454\")>\n\n    @pytest.mark.usefixtures('login_cus')\n    def test_check_instock(self,driver):\n        self.cus_page=CusBackStage(driver)\n        self.cus_page.enter_instock()\n        self.instock_nums = self.cus_page.read_excel('instock')\n        for i in range(len(self.instock_nums)):\n            if self.instock_nums[i] == '':\n                continue\n>           self.cus_page.checkInstock(self.instock_nums[i])\n\ncase\\zjc\\test_4_check_instock.py:13: \n_ _ _ _ _ _ _ _ _ _ _ _ _ _ _ _ _ _ _ _ _ _ _ _ _ _ _ _ _ _ _ _ _ _ _ _ _ _ _ _\npageObject\\zjc\\cusBackStage.py:61: in checkInstock\n    self.click(self.instock_check)\npublic\\basePage.py:93: in click\n    element=self.find_element(selector)\n_ _ _ _ _ _ _ _ _ _ _ _ _ _ _ _ _ _ _ _ _ _ _ _ _ _ _ _ _ _ _ _ _ _ _ _ _ _ _ _\n\nself = <pageObject.zjc.cusBackStage.CusBackStage object at 0x000002538641F828>\nselector = ('xpath', \"//a[@title='审核']\"), time = 10\n\n    def find_element(self,selector,time=10):   #查找元素\n        try:\n            element=WebDriverWait(self.driver,time).until(EC.presence_of_element_located(selector))\n            self.driver.execute_script(\"arguments[0].style.border='2px solid red'\", element)\n            sleep(1)\n            mylog.info(u\"定位元素成功——%s\" % selector[1])\n            return element\n        except Exception :\n            mylog.error(u\"定位元素失败——%s\" %selector[1])\n            self.get_screen()\n>           raise Exception('元素未找到')\nE           Exception: 元素未找到\n\npublic\\basePage.py:68: Exception",
    "steps" : [ ],
    "attachments" : [ {
      "uid" : "2bfbf9b46fd347b",
      "name" : "log",
      "source" : "2bfbf9b46fd347b.txt",
      "type" : "text/plain",
      "size" : 1173
    } ],
    "parameters" : [ ],
    "stepsCount" : 0,
    "hasContent" : true,
    "shouldDisplayMessage" : true,
    "attachmentsCount" : 1
  },
  "afterStages" : [ {
    "name" : "driver::end",
    "time" : {
      "start" : 1566978269421,
      "stop" : 1566978272260,
      "duration" : 2839
    },
    "status" : "passed",
    "steps" : [ ],
    "attachments" : [ ],
    "parameters" : [ ],
    "stepsCount" : 0,
    "hasContent" : false,
    "shouldDisplayMessage" : false,
    "attachmentsCount" : 0
  } ],
  "labels" : [ {
    "name" : "parentSuite",
    "value" : "case.zjc"
  }, {
    "name" : "suite",
    "value" : "test_4_check_instock"
  }, {
    "name" : "subSuite",
    "value" : "TestCheckInstock"
  }, {
    "name" : "host",
    "value" : "DESKTOP-FL5D3QJ"
  }, {
    "name" : "thread",
    "value" : "16840-MainThread"
  }, {
    "name" : "framework",
    "value" : "pytest"
  }, {
    "name" : "language",
    "value" : "cpython3"
  }, {
    "name" : "package",
    "value" : "case.zjc.test_4_check_instock"
  }, {
    "name" : "resultFormat",
    "value" : "allure2"
  } ],
  "parameters" : [ ],
  "links" : [ ],
  "hidden" : false,
  "retry" : false,
  "extra" : {
    "severity" : "normal",
    "retries" : [ ],
    "categories" : [ {
      "name" : "Test defects",
      "matchedStatuses" : [ ],
      "flaky" : false
    } ],
    "tags" : [ ]
  },
  "source" : "24b6e4cde87cb05.json",
  "parameterValues" : [ ]
}